<?xml version="1.0" encoding="UTF-8" ?>
<testsuite tests="12" failures="0" name="triangulos.TrianguloTest" time="0.01" errors="0" skipped="0">
  <properties>
    <property name="java.runtime.name" value="OpenJDK Runtime Environment"/>
    <property name="java.vm.version" value="14.0.2+12"/>
    <property name="sun.boot.library.path" value="/usr/lib/jvm/java-14-openjdk/lib"/>
    <property name="maven.multiModuleProjectDirectory" value="/home/pablo/dev/U/COM470/testTrianguloParam"/>
    <property name="java.vm.vendor" value="Oracle Corporation"/>
    <property name="java.vendor.url" value="https://openjdk.java.net/"/>
    <property name="guice.disable.misplaced.annotation.check" value="true"/>
    <property name="path.separator" value=":"/>
    <property name="java.vm.name" value="OpenJDK 64-Bit Server VM"/>
    <property name="user.country" value="BO"/>
    <property name="sun.java.launcher" value="SUN_STANDARD"/>
    <property name="java.vm.specification.name" value="Java Virtual Machine Specification"/>
    <property name="user.dir" value="/home/pablo/dev/U/COM470/testTrianguloParam"/>
    <property name="java.vm.compressedOopsMode" value="Zero based"/>
    <property name="java.runtime.version" value="14.0.2+12"/>
    <property name="os.arch" value="amd64"/>
    <property name="java.io.tmpdir" value="/tmp"/>
    <property name="line.separator" value="
"/>
    <property name="java.vm.specification.vendor" value="Oracle Corporation"/>
    <property name="os.name" value="Linux"/>
    <property name="maven.ext.class.path" value="/usr/lib/netbeans/java/maven-nblib/netbeans-eventspy.jar"/>
    <property name="classworlds.conf" value="/usr/lib/netbeans/java/maven/bin/m2.conf"/>
    <property name="sun.jnu.encoding" value="UTF-8"/>
    <property name="java.library.path" value="/usr/java/packages/lib:/usr/lib64:/lib64:/lib:/usr/lib"/>
    <property name="maven.conf" value="/usr/lib/netbeans/java/maven/conf"/>
    <property name="jdk.debug" value="release"/>
    <property name="java.class.version" value="58.0"/>
    <property name="java.specification.name" value="Java Platform API Specification"/>
    <property name="sun.management.compiler" value="HotSpot 64-Bit Tiered Compilers"/>
    <property name="os.version" value="5.8.9-arch1-1-g14"/>
    <property name="library.jansi.path" value="/usr/lib/netbeans/java/maven/lib/jansi-native"/>
    <property name="user.home" value="/home/pablo"/>
    <property name="user.timezone" value="America/La_Paz"/>
    <property name="file.encoding" value="UTF-8"/>
    <property name="java.specification.version" value="14"/>
    <property name="user.name" value="pablo"/>
    <property name="java.class.path" value="/usr/lib/netbeans/java/maven/boot/plexus-classworlds-2.6.0.jar"/>
    <property name="java.vm.specification.version" value="14"/>
    <property name="sun.arch.data.model" value="64"/>
    <property name="sun.java.command" value="org.codehaus.plexus.classworlds.launcher.Launcher -Dmaven.ext.class.path=/usr/lib/netbeans/java/maven-nblib/netbeans-eventspy.jar clean install"/>
    <property name="java.home" value="/usr/lib/jvm/java-14-openjdk"/>
    <property name="user.language" value="es"/>
    <property name="java.specification.vendor" value="Oracle Corporation"/>
    <property name="java.vm.info" value="mixed mode"/>
    <property name="java.version" value="14.0.2"/>
    <property name="securerandom.source" value="file:/dev/./urandom"/>
    <property name="java.vendor" value="N/A"/>
    <property name="maven.home" value="/usr/lib/netbeans/java/maven"/>
    <property name="file.separator" value="/"/>
    <property name="java.version.date" value="2020-07-14"/>
    <property name="java.vendor.url.bug" value="https://bugreport.java.com/bugreport/"/>
    <property name="sun.io.unicode.encoding" value="UnicodeLittle"/>
    <property name="sun.cpu.endian" value="little"/>
  </properties>
  <testcase classname="triangulos.TrianguloTest" name="testTipoTriangulo(5,5,5, Equilátero) [0]" time="0.004"/>
  <testcase classname="triangulos.TrianguloTest" name="testTipoTriangulo(1,1,1, Equilátero) [1]" time="0"/>
  <testcase classname="triangulos.TrianguloTest" name="testTipoTriangulo(42,42,42, Equilátero) [2]" time="0"/>
  <testcase classname="triangulos.TrianguloTest" name="testTipoTriangulo(10,10,10, Equilátero) [3]" time="0"/>
  <testcase classname="triangulos.TrianguloTest" name="testTipoTriangulo(7,7,3, Isóceles) [4]" time="0"/>
  <testcase classname="triangulos.TrianguloTest" name="testTipoTriangulo(9,4,4, Isóceles) [5]" time="0.001"/>
  <testcase classname="triangulos.TrianguloTest" name="testTipoTriangulo(1,1,6, Isóceles) [6]" time="0.001"/>
  <testcase classname="triangulos.TrianguloTest" name="testTipoTriangulo(8,2,8, Isóceles) [7]" time="0.001"/>
  <testcase classname="triangulos.TrianguloTest" name="testTipoTriangulo(1,2,3, Escaleno) [8]" time="0.001"/>
  <testcase classname="triangulos.TrianguloTest" name="testTipoTriangulo(4,7,5, Escaleno) [9]" time="0"/>
  <testcase classname="triangulos.TrianguloTest" name="testTipoTriangulo(22,11,55, Escaleno) [10]" time="0.001"/>
  <testcase classname="triangulos.TrianguloTest" name="testTipoTriangulo(128,64,32, Escaleno) [11]" time="0.001"/>
</testsuite>